<?xml version="1.0" encoding="UTF-8"?>
<testsuite name="com.swagge.swagge.SwaggeApplicationTests" tests="1" skipped="0" failures="0" errors="0" timestamp="2024-08-22T22:07:25" hostname="LAPTOP-LQENK513" time="1.464">
  <properties/>
  <testcase name="contextLoads()" classname="com.swagge.swagge.SwaggeApplicationTests" time="1.464"/>
  <system-out><![CDATA[16:07:21.990 [Test worker] INFO org.springframework.test.context.support.AnnotationConfigContextLoaderUtils -- Could not detect default configuration classes for test class [com.swagge.swagge.SwaggeApplicationTests]: SwaggeApplicationTests does not declare any static, non-private, non-final, nested classes annotated with @Configuration.
16:07:22.227 [Test worker] INFO org.springframework.boot.test.context.SpringBootTestContextBootstrapper -- Found @SpringBootConfiguration com.swagge.swagge.SwaggeApplication for test class com.swagge.swagge.SwaggeApplicationTests

  .   ____          _            __ _ _
 /\\ / ___'_ __ _ _(_)_ __  __ _ \ \ \ \
( ( )\___ | '_ | '_| | '_ \/ _` | \ \ \ \
 \\/  ___)| |_)| | | | | || (_| |  ) ) ) )
  '  |____| .__|_| |_|_| |_\__, | / / / /
 =========|_|==============|___/=/_/_/_/

 :: Spring Boot ::             (v3.4.0-M1)

2024-08-22T16:07:23.080-06:00  INFO 24048 --- [swagge] [    Test worker] c.swagge.swagge.SwaggeApplicationTests   : Starting SwaggeApplicationTests using Java 17.0.12 with PID 24048 (started by emyct in C:\Users\emyct\Downloads\swagge (2)\swagge\swagge)
2024-08-22T16:07:23.096-06:00  INFO 24048 --- [swagge] [    Test worker] c.swagge.swagge.SwaggeApplicationTests   : No active profile set, falling back to 1 default profile: "default"
2024-08-22T16:07:25.441-06:00  INFO 24048 --- [swagge] [    Test worker] c.swagge.swagge.SwaggeApplicationTests   : Started SwaggeApplicationTests in 2.807 seconds (process running for 5.08)
]]></system-out>
  <system-err><![CDATA[]]></system-err>
</testsuite>
